{
  "stats": {
    "suites": 1,
    "tests": 3,
    "passes": 2,
    "pending": 0,
    "failures": 1,
    "start": "2025-10-07T17:55:05.057Z",
    "end": "2025-10-07T17:55:10.476Z",
    "duration": 5419,
    "testsRegistered": 3,
    "passPercent": 66.66666666666666,
    "pendingPercent": 0,
    "other": 0,
    "hasOther": false,
    "skipped": 0,
    "hasSkipped": false
  },
  "results": [
    {
      "uuid": "cdf2b701-4077-4080-9e6b-2ed9abf77cd2",
      "title": "",
      "fullFile": "cypress/e2e/prueba.cy.js",
      "file": "cypress/e2e/prueba.cy.js",
      "beforeHooks": [],
      "afterHooks": [],
      "tests": [],
      "suites": [
        {
          "uuid": "65565c98-bfdd-42df-8ee9-937911b9fc0e",
          "title": "Pruebas de la página de gastos",
          "fullFile": "",
          "file": "",
          "beforeHooks": [],
          "afterHooks": [],
          "tests": [
            {
              "title": "Carga la página correctamente",
              "fullTitle": "Pruebas de la página de gastos Carga la página correctamente",
              "timedOut": null,
              "duration": 525,
              "state": "passed",
              "speed": "fast",
              "pass": true,
              "fail": false,
              "pending": false,
              "context": null,
              "code": "cy.visit(\"/\");\ncy.get(\"p\").contains(\"Has gastado\"); // Verifica el texto inicial",
              "err": {},
              "uuid": "4392728e-ceb6-4d35-abfc-13b630702875",
              "parentUUID": "65565c98-bfdd-42df-8ee9-937911b9fc0e",
              "isHook": false,
              "skipped": false
            },
            {
              "title": "Muestra el formulario al hacer click en la imagen añadir",
              "fullTitle": "Pruebas de la página de gastos Muestra el formulario al hacer click en la imagen añadir",
              "timedOut": null,
              "duration": 242,
              "state": "passed",
              "speed": "fast",
              "pass": true,
              "fail": false,
              "pending": false,
              "context": null,
              "code": "cy.visit(\"/\");\ncy.get(\"#añadir\").click();\ncy.get(\"#formulario\").should(\"be.visible\");",
              "err": {},
              "uuid": "bebf97ee-f7e8-446c-abcb-873ee7e2f849",
              "parentUUID": "65565c98-bfdd-42df-8ee9-937911b9fc0e",
              "isHook": false,
              "skipped": false
            },
            {
              "title": "Agrega un gasto y actualiza el total",
              "fullTitle": "Pruebas de la página de gastos Agrega un gasto y actualiza el total",
              "timedOut": null,
              "duration": 4570,
              "state": "failed",
              "speed": null,
              "pass": false,
              "fail": true,
              "pending": false,
              "context": null,
              "code": "cy.visit(\"/\");\n// Click en agregar\ncy.get(\"#agregarGasto\").click();\n// Verifica que el total se actualizó\ncy.get(\"h2\").first().should(\"contain\", \"5000\");\n// Verifica que aparece la caja con el gasto\ncy.get(\".caja\").should(\"exist\").and(\"be.visible\");\ncy.get(\".caja p\").should(\"contain\", \"Cafe tostao\");\ncy.get(\".caja h2\").should(\"contain\", \"5000\");",
              "err": {
                "message": "CypressError: Timed out retrying after 4050ms: `cy.click()` failed because this element is not visible:\n\n`<button type=\"button\" id=\"agregarGasto\">Agregar...</button>`\n\nThis element `<button#agregarGasto>` is not visible because its parent `<div#formulario.formulario>` has CSS property: `display: none`\n\nFix this problem, or use `{force: true}` to disable error checking.\n\nhttps://on.cypress.io/element-cannot-be-interacted-with",
                "estack": "CypressError: Timed out retrying after 4050ms: `cy.click()` failed because this element is not visible:\n\n`<button type=\"button\" id=\"agregarGasto\">Agregar...</button>`\n\nThis element `<button#agregarGasto>` is not visible because its parent `<div#formulario.formulario>` has CSS property: `display: none`\n\nFix this problem, or use `{force: true}` to disable error checking.\n\nhttps://on.cypress.io/element-cannot-be-interacted-with\n    at runVisibilityCheck (https://pagina-prueba-gastos-12345.netlify.app/__cypress/runner/cypress_runner.js:148433:58)\n    at Object.isStrictlyVisible (https://pagina-prueba-gastos-12345.netlify.app/__cypress/runner/cypress_runner.js:148447:10)\n    at runAllChecks (https://pagina-prueba-gastos-12345.netlify.app/__cypress/runner/cypress_runner.js:114617:26)\n    at retryActionability (https://pagina-prueba-gastos-12345.netlify.app/__cypress/runner/cypress_runner.js:114685:16)\n    at tryCatcher (https://pagina-prueba-gastos-12345.netlify.app/__cypress/runner/cypress_runner.js:1777:23)\n    at Promise.attempt.Promise.try (https://pagina-prueba-gastos-12345.netlify.app/__cypress/runner/cypress_runner.js:4285:29)\n    at whenStable (https://pagina-prueba-gastos-12345.netlify.app/__cypress/runner/cypress_runner.js:147260:68)\n    at <unknown> (https://pagina-prueba-gastos-12345.netlify.app/__cypress/runner/cypress_runner.js:147201:14)\n    at tryCatcher (https://pagina-prueba-gastos-12345.netlify.app/__cypress/runner/cypress_runner.js:1777:23)\n    at Promise._settlePromiseFromHandler (https://pagina-prueba-gastos-12345.netlify.app/__cypress/runner/cypress_runner.js:1489:31)\n    at Promise._settlePromise (https://pagina-prueba-gastos-12345.netlify.app/__cypress/runner/cypress_runner.js:1546:18)\n    at Promise._settlePromise0 (https://pagina-prueba-gastos-12345.netlify.app/__cypress/runner/cypress_runner.js:1591:10)\n    at Promise._settlePromises (https://pagina-prueba-gastos-12345.netlify.app/__cypress/runner/cypress_runner.js:1671:18)\n    at Promise._fulfill (https://pagina-prueba-gastos-12345.netlify.app/__cypress/runner/cypress_runner.js:1615:18)\n    at <unknown> (https://pagina-prueba-gastos-12345.netlify.app/__cypress/runner/cypress_runner.js:5420:46)\nFrom Your Spec Code:\n    at Context.eval (webpack://gastos/./cypress/e2e/prueba.cy.js:17:28)",
                "diff": null
              },
              "uuid": "14d441de-64db-458a-8005-f89803e5e21c",
              "parentUUID": "65565c98-bfdd-42df-8ee9-937911b9fc0e",
              "isHook": false,
              "skipped": false
            }
          ],
          "suites": [],
          "passes": [
            "4392728e-ceb6-4d35-abfc-13b630702875",
            "bebf97ee-f7e8-446c-abcb-873ee7e2f849"
          ],
          "failures": [
            "14d441de-64db-458a-8005-f89803e5e21c"
          ],
          "pending": [],
          "skipped": [],
          "duration": 5337,
          "root": false,
          "rootEmpty": false,
          "_timeout": 2000
        }
      ],
      "passes": [],
      "failures": [],
      "pending": [],
      "skipped": [],
      "duration": 0,
      "root": true,
      "rootEmpty": true,
      "_timeout": 2000
    }
  ],
  "meta": {
    "mocha": {
      "version": "7.2.0"
    },
    "mochawesome": {
      "options": {
        "quiet": false,
        "reportFilename": "mochawesome",
        "saveHtml": false,
        "saveJson": true,
        "consoleReporter": "spec",
        "useInlineDiffs": false,
        "code": true
      },
      "version": "7.1.4"
    },
    "marge": {
      "options": {
        "reportDir": "mochawesome-report",
        "overwrite": false,
        "html": false,
        "json": true
      },
      "version": "6.3.0"
    }
  }
}